<?xml version="1.0" encoding="UTF-8"?>
<robot generator="Robot 3.2.2 (Python 3.9.0 on win32)" generated="20201204 09:26:53.070" rpa="false">
<suite id="s1" name="shadowML-main" source="D:\shadowML-main">
<suite id="s1-s1" name="Testsuites" source="D:\shadowML-main\testsuites">
<suite id="s1-s1-s1" name="Test1" source="D:\shadowML-main\testsuites\test1.robot">
<test id="s1-s1-s1-t1" name="Test1">
<kw name="StartTest" library="common" type="setup">
<kw name="Append To Environment Variable" library="OperatingSystem">
<doc>Appends given ``values`` to environment variable ``name``.</doc>
<arguments>
<arg>Path</arg>
<arg>${EXECDIR}${/}driver${/}</arg>
</arguments>
<msg timestamp="20201204 09:26:53.493" level="INFO">Environment variable 'Path' set to value 'C:/Users/99002523/.p2/pool/plugins/org.eclipse.justj.openjdk.hotspot.jre.full.win32.x86_64_14.0.2.v20200815-0932/jre/bin/server;C:/Users/99002523/.p2/pool/plugins/org.eclipse.justj.openjdk.hotspot.jre.full.win32.x86_64_14.0.2.v20200815-0932/jre/bin;C:\ProgramData\Oracle\Java\javapath;C:\Program Files (x86)\Intel\Intel(R) Management Engine Components\iCLS\;C:\Program Files\Intel\Intel(R) Management Engine Components\iCLS\;C:\WINDOWS\system32;C:\WINDOWS;C:\WINDOWS\System32\Wbem;C:\WINDOWS\System32\WindowsPowerShell\v1.0\;C:\WINDOWS\System32\OpenSSH\;C:\Program Files (x86)\Intel\Intel(R) Management Engine Components\DAL;C:\Program Files\Intel\Intel(R) Management Engine Components\DAL;C:\Program Files\TortoiseSVN\bin;C:\Users\99002523\AppData\Local\Programs\Python\Python39\Scripts\;C:\Users\99002523\AppData\Local\Programs\Python\Python39\;C:\Users\99002523\AppData\Local\Microsoft\WindowsApps;;C:\Users\99002523\Desktop;;D:\shadowML-main\driver\'.</msg>
<status status="PASS" starttime="20201204 09:26:53.492" endtime="20201204 09:26:53.493"></status>
</kw>
<kw name="Open Browser" library="SeleniumLibrary">
<doc>Opens a new browser instance to the optional ``url``.</doc>
<arguments>
<arg>browser=${BROWSER NAME}</arg>
</arguments>
<msg timestamp="20201204 09:26:53.494" level="INFO">Opening browser 'chrome' to base url 'None'.</msg>
<status status="PASS" starttime="20201204 09:26:53.493" endtime="20201204 09:26:57.175"></status>
</kw>
<kw name="Maximize Browser Window" library="SeleniumLibrary">
<doc>Maximizes current browser window.</doc>
<status status="PASS" starttime="20201204 09:26:57.175" endtime="20201204 09:26:59.301"></status>
</kw>
<kw name="Go To" library="SeleniumLibrary">
<doc>Navigates the current browser window to the provided ``url``.</doc>
<arguments>
<arg>url=${URL}</arg>
</arguments>
<msg timestamp="20201204 09:26:59.302" level="INFO">Opening url 'https://www.xda-developers.com/how-to-do-everything-on-your-phone/'</msg>
<status status="PASS" starttime="20201204 09:26:59.301" endtime="20201204 09:27:02.664"></status>
</kw>
<kw name="Set Browser Implicit Wait" library="SeleniumLibrary">
<doc>Sets the implicit wait value used by Selenium.</doc>
<arguments>
<arg>10s</arg>
</arguments>
<status status="PASS" starttime="20201204 09:27:02.664" endtime="20201204 09:27:02.668"></status>
</kw>
<status status="PASS" starttime="20201204 09:26:53.492" endtime="20201204 09:27:02.668"></status>
</kw>
<kw name="SearchBar" library="common">
<arguments>
<arg>search</arg>
</arguments>
<kw name="Sleep" library="BuiltIn">
<doc>Pauses the test executed for the given time.</doc>
<arguments>
<arg>3s</arg>
</arguments>
<msg timestamp="20201204 09:27:05.670" level="INFO">Slept 3 seconds</msg>
<status status="PASS" starttime="20201204 09:27:02.669" endtime="20201204 09:27:05.670"></status>
</kw>
<kw name="Capture Page Screenshot" library="SeleniumLibrary">
<doc>Takes a screenshot of the current page and embeds it into a log file.</doc>
<arguments>
<arg>${SCREENSHOT}</arg>
</arguments>
<msg timestamp="20201204 09:27:06.040" level="INFO" html="yes">&lt;/td&gt;&lt;/tr&gt;&lt;tr&gt;&lt;td colspan="3"&gt;&lt;a href="../main/xda.png"&gt;&lt;img src="../main/xda.png" width="800px"&gt;&lt;/a&gt;</msg>
<status status="PASS" starttime="20201204 09:27:05.670" endtime="20201204 09:27:06.040"></status>
</kw>
<kw name="Sleep" library="BuiltIn">
<doc>Pauses the test executed for the given time.</doc>
<arguments>
<arg>5s</arg>
</arguments>
<msg timestamp="20201204 09:27:11.042" level="INFO">Slept 5 seconds</msg>
<status status="PASS" starttime="20201204 09:27:06.041" endtime="20201204 09:27:11.042"></status>
</kw>
<kw name="Imagefinder" library="hello">
<arguments>
<arg>${search}</arg>
</arguments>
<assign>
<var>${val}</var>
</assign>
<msg timestamp="20201204 09:27:12.315" level="INFO">[1519, 104]</msg>
<msg timestamp="20201204 09:27:12.315" level="INFO">${val} = [1519, 104]</msg>
<status status="PASS" starttime="20201204 09:27:11.042" endtime="20201204 09:27:12.316"></status>
</kw>
<kw name="Log To Console" library="BuiltIn">
<doc>Logs the given message to the console.</doc>
<arguments>
<arg>${val}</arg>
</arguments>
<status status="PASS" starttime="20201204 09:27:12.316" endtime="20201204 09:27:12.316"></status>
</kw>
<kw name="Sleep" library="BuiltIn">
<doc>Pauses the test executed for the given time.</doc>
<arguments>
<arg>3s</arg>
</arguments>
<msg timestamp="20201204 09:27:15.317" level="INFO">Slept 3 seconds</msg>
<status status="PASS" starttime="20201204 09:27:12.316" endtime="20201204 09:27:15.317"></status>
</kw>
<kw name="Coordinates Click" library="hello">
<arguments>
<arg>${val}[0]</arg>
<arg>${val}[1]</arg>
</arguments>
<status status="PASS" starttime="20201204 09:27:15.317" endtime="20201204 09:27:15.439"></status>
</kw>
<status status="PASS" starttime="20201204 09:27:02.668" endtime="20201204 09:27:15.439"></status>
</kw>
<kw name="Input" library="common">
<arguments>
<arg>Micromax canvas xpress 2</arg>
</arguments>
<kw name="Wait Until Element Is Visible" library="SeleniumLibrary">
<doc>Waits until the element ``locator`` is visible.</doc>
<arguments>
<arg>//input[@id='header_search']</arg>
<arg>30s</arg>
</arguments>
<status status="PASS" starttime="20201204 09:27:15.440" endtime="20201204 09:27:15.469"></status>
</kw>
<kw name="Input Text" library="SeleniumLibrary">
<doc>Types the given ``text`` into the text field identified by ``locator``.</doc>
<arguments>
<arg>//input[@id='header_search']</arg>
<arg>${text}</arg>
</arguments>
<msg timestamp="20201204 09:27:15.469" level="INFO">Typing text 'Micromax canvas xpress 2' into text field '//input[@id='header_search']'.</msg>
<status status="PASS" starttime="20201204 09:27:15.469" endtime="20201204 09:27:15.541"></status>
</kw>
<status status="PASS" starttime="20201204 09:27:15.439" endtime="20201204 09:27:15.541"></status>
</kw>
<kw name="ClearText" library="common">
<arguments>
<arg>clear</arg>
</arguments>
<kw name="Capture Page Screenshot" library="SeleniumLibrary">
<doc>Takes a screenshot of the current page and embeds it into a log file.</doc>
<arguments>
<arg>${SCREENSHOT}</arg>
</arguments>
<msg timestamp="20201204 09:27:15.898" level="INFO" html="yes">&lt;/td&gt;&lt;/tr&gt;&lt;tr&gt;&lt;td colspan="3"&gt;&lt;a href="../main/xda.png"&gt;&lt;img src="../main/xda.png" width="800px"&gt;&lt;/a&gt;</msg>
<status status="PASS" starttime="20201204 09:27:15.542" endtime="20201204 09:27:15.898"></status>
</kw>
<kw name="Sleep" library="BuiltIn">
<doc>Pauses the test executed for the given time.</doc>
<arguments>
<arg>3s</arg>
</arguments>
<msg timestamp="20201204 09:27:18.900" level="INFO">Slept 3 seconds</msg>
<status status="PASS" starttime="20201204 09:27:15.899" endtime="20201204 09:27:18.900"></status>
</kw>
<kw name="Imagefinder" library="hello">
<arguments>
<arg>${img}</arg>
</arguments>
<assign>
<var>${clear}</var>
</assign>
<msg timestamp="20201204 09:27:19.222" level="INFO">[1569, 105]</msg>
<msg timestamp="20201204 09:27:19.223" level="INFO">${clear} = [1569, 105]</msg>
<status status="PASS" starttime="20201204 09:27:18.900" endtime="20201204 09:27:19.223"></status>
</kw>
<kw name="Log To Console" library="BuiltIn">
<doc>Logs the given message to the console.</doc>
<arguments>
<arg>${clear}</arg>
</arguments>
<status status="PASS" starttime="20201204 09:27:19.224" endtime="20201204 09:27:19.224"></status>
</kw>
<kw name="Sleep" library="BuiltIn">
<doc>Pauses the test executed for the given time.</doc>
<arguments>
<arg>2s</arg>
</arguments>
<msg timestamp="20201204 09:27:21.227" level="INFO">Slept 2 seconds</msg>
<status status="PASS" starttime="20201204 09:27:19.225" endtime="20201204 09:27:21.227"></status>
</kw>
<kw name="Coordinates Click" library="hello">
<arguments>
<arg>${clear}[0]</arg>
<arg>${clear}[1]</arg>
</arguments>
<status status="PASS" starttime="20201204 09:27:21.227" endtime="20201204 09:27:21.342"></status>
</kw>
<status status="PASS" starttime="20201204 09:27:15.542" endtime="20201204 09:27:21.342"></status>
</kw>
<kw name="CrossCanvas" library="common">
<arguments>
<arg>cross</arg>
</arguments>
<kw name="Sleep" library="BuiltIn">
<doc>Pauses the test executed for the given time.</doc>
<arguments>
<arg>2s</arg>
</arguments>
<msg timestamp="20201204 09:27:23.344" level="INFO">Slept 2 seconds</msg>
<status status="PASS" starttime="20201204 09:27:21.343" endtime="20201204 09:27:23.344"></status>
</kw>
<kw name="Imagefinder" library="hello">
<arguments>
<arg>${canv}</arg>
</arguments>
<assign>
<var>${cross}</var>
</assign>
<msg timestamp="20201204 09:27:23.599" level="INFO">[78, 100]</msg>
<msg timestamp="20201204 09:27:23.600" level="INFO">${cross} = [78, 100]</msg>
<status status="PASS" starttime="20201204 09:27:23.344" endtime="20201204 09:27:23.600"></status>
</kw>
<kw name="Log To Console" library="BuiltIn">
<doc>Logs the given message to the console.</doc>
<arguments>
<arg>${cross}</arg>
</arguments>
<status status="PASS" starttime="20201204 09:27:23.600" endtime="20201204 09:27:23.600"></status>
</kw>
<kw name="Coordinates Click" library="hello">
<arguments>
<arg>${cross}[0]</arg>
<arg>${cross}[1]</arg>
</arguments>
<status status="PASS" starttime="20201204 09:27:23.600" endtime="20201204 09:27:23.706"></status>
</kw>
<status status="PASS" starttime="20201204 09:27:21.342" endtime="20201204 09:27:23.706"></status>
</kw>
<kw name="ClickProfile" library="common">
<arguments>
<arg>profile</arg>
</arguments>
<kw name="Sleep" library="BuiltIn">
<doc>Pauses the test executed for the given time.</doc>
<arguments>
<arg>3s</arg>
</arguments>
<msg timestamp="20201204 09:27:26.708" level="INFO">Slept 3 seconds</msg>
<status status="PASS" starttime="20201204 09:27:23.707" endtime="20201204 09:27:26.708"></status>
</kw>
<kw name="Capture Page Screenshot" library="SeleniumLibrary">
<doc>Takes a screenshot of the current page and embeds it into a log file.</doc>
<arguments>
<arg>${SCREENSHOT}</arg>
</arguments>
<msg timestamp="20201204 09:27:27.080" level="INFO" html="yes">&lt;/td&gt;&lt;/tr&gt;&lt;tr&gt;&lt;td colspan="3"&gt;&lt;a href="../main/xda.png"&gt;&lt;img src="../main/xda.png" width="800px"&gt;&lt;/a&gt;</msg>
<status status="PASS" starttime="20201204 09:27:26.708" endtime="20201204 09:27:27.080"></status>
</kw>
<kw name="Sleep" library="BuiltIn">
<doc>Pauses the test executed for the given time.</doc>
<arguments>
<arg>2s</arg>
</arguments>
<msg timestamp="20201204 09:27:29.082" level="INFO">Slept 2 seconds</msg>
<status status="PASS" starttime="20201204 09:27:27.081" endtime="20201204 09:27:29.082"></status>
</kw>
<kw name="Imagefinder" library="hello">
<arguments>
<arg>${prof}</arg>
</arguments>
<assign>
<var>${profile}</var>
</assign>
<msg timestamp="20201204 09:27:29.370" level="INFO">[421, 296]</msg>
<msg timestamp="20201204 09:27:29.371" level="INFO">${profile} = [421, 296]</msg>
<status status="PASS" starttime="20201204 09:27:29.082" endtime="20201204 09:27:29.371"></status>
</kw>
<kw name="Log To Console" library="BuiltIn">
<doc>Logs the given message to the console.</doc>
<arguments>
<arg>${profile}</arg>
</arguments>
<status status="PASS" starttime="20201204 09:27:29.371" endtime="20201204 09:27:29.371"></status>
</kw>
<kw name="Coordinates Click" library="hello">
<arguments>
<arg>${profile}[0]</arg>
<arg>${profile}[1]</arg>
</arguments>
<status status="PASS" starttime="20201204 09:27:29.372" endtime="20201204 09:27:29.490"></status>
</kw>
<status status="PASS" starttime="20201204 09:27:23.706" endtime="20201204 09:27:29.490"></status>
</kw>
<kw name="CrossCanvas" library="common">
<arguments>
<arg>cross</arg>
</arguments>
<kw name="Sleep" library="BuiltIn">
<doc>Pauses the test executed for the given time.</doc>
<arguments>
<arg>2s</arg>
</arguments>
<msg timestamp="20201204 09:27:31.492" level="INFO">Slept 2 seconds</msg>
<status status="PASS" starttime="20201204 09:27:29.491" endtime="20201204 09:27:31.492"></status>
</kw>
<kw name="Imagefinder" library="hello">
<arguments>
<arg>${canv}</arg>
</arguments>
<assign>
<var>${cross}</var>
</assign>
<msg timestamp="20201204 09:27:31.746" level="INFO">[78, 100]</msg>
<msg timestamp="20201204 09:27:31.747" level="INFO">${cross} = [78, 100]</msg>
<status status="PASS" starttime="20201204 09:27:31.493" endtime="20201204 09:27:31.747"></status>
</kw>
<kw name="Log To Console" library="BuiltIn">
<doc>Logs the given message to the console.</doc>
<arguments>
<arg>${cross}</arg>
</arguments>
<status status="PASS" starttime="20201204 09:27:31.747" endtime="20201204 09:27:31.747"></status>
</kw>
<kw name="Coordinates Click" library="hello">
<arguments>
<arg>${cross}[0]</arg>
<arg>${cross}[1]</arg>
</arguments>
<status status="PASS" starttime="20201204 09:27:31.748" endtime="20201204 09:27:31.864"></status>
</kw>
<status status="PASS" starttime="20201204 09:27:29.491" endtime="20201204 09:27:31.864"></status>
</kw>
<kw name="Click_OnePlus_SmartPhone" library="common">
<arguments>
<arg>oneplus</arg>
</arguments>
<kw name="Sleep" library="BuiltIn">
<doc>Pauses the test executed for the given time.</doc>
<arguments>
<arg>2s</arg>
</arguments>
<msg timestamp="20201204 09:27:33.865" level="INFO">Slept 2 seconds</msg>
<status status="PASS" starttime="20201204 09:27:31.864" endtime="20201204 09:27:33.865"></status>
</kw>
<kw name="Capture Page Screenshot" library="SeleniumLibrary">
<doc>Takes a screenshot of the current page and embeds it into a log file.</doc>
<arguments>
<arg>${SCREENSHOT}</arg>
</arguments>
<msg timestamp="20201204 09:27:34.226" level="INFO" html="yes">&lt;/td&gt;&lt;/tr&gt;&lt;tr&gt;&lt;td colspan="3"&gt;&lt;a href="../main/xda.png"&gt;&lt;img src="../main/xda.png" width="800px"&gt;&lt;/a&gt;</msg>
<status status="PASS" starttime="20201204 09:27:33.865" endtime="20201204 09:27:34.226"></status>
</kw>
<kw name="Imagefinder" library="hello">
<arguments>
<arg>${phonename}</arg>
</arguments>
<assign>
<var>${op}</var>
</assign>
<msg timestamp="20201204 09:27:34.592" level="INFO">[687, 355]</msg>
<msg timestamp="20201204 09:27:34.592" level="INFO">${op} = [687, 355]</msg>
<status status="PASS" starttime="20201204 09:27:34.226" endtime="20201204 09:27:34.592"></status>
</kw>
<kw name="Log To Console" library="BuiltIn">
<doc>Logs the given message to the console.</doc>
<arguments>
<arg>${op}</arg>
</arguments>
<status status="PASS" starttime="20201204 09:27:34.592" endtime="20201204 09:27:34.593"></status>
</kw>
<kw name="Coordinates Click" library="hello">
<arguments>
<arg>${op}[0]</arg>
<arg>${op}[1]</arg>
</arguments>
<status status="PASS" starttime="20201204 09:27:34.593" endtime="20201204 09:27:34.708"></status>
</kw>
<kw name="Sleep" library="BuiltIn">
<doc>Pauses the test executed for the given time.</doc>
<arguments>
<arg>10s</arg>
</arguments>
<msg timestamp="20201204 09:27:44.708" level="INFO">Slept 10 seconds</msg>
<status status="PASS" starttime="20201204 09:27:34.708" endtime="20201204 09:27:44.708"></status>
</kw>
<status status="PASS" starttime="20201204 09:27:31.864" endtime="20201204 09:27:44.709"></status>
</kw>
<kw name="EndTest" library="common" type="teardown">
<kw name="Close Browser" library="SeleniumLibrary">
<doc>Closes the current browser.</doc>
<status status="PASS" starttime="20201204 09:27:44.710" endtime="20201204 09:27:47.217"></status>
</kw>
<status status="PASS" starttime="20201204 09:27:44.709" endtime="20201204 09:27:47.218"></status>
</kw>
<status status="PASS" starttime="20201204 09:26:53.491" endtime="20201204 09:27:47.218" critical="yes"></status>
</test>
<doc>This file contains test cases to validate the automation by template matching methods</doc>
<status status="PASS" starttime="20201204 09:26:53.124" endtime="20201204 09:27:47.219"></status>
</suite>
<status status="PASS" starttime="20201204 09:26:53.121" endtime="20201204 09:27:47.221"></status>
</suite>
<status status="PASS" starttime="20201204 09:26:53.101" endtime="20201204 09:27:47.222"></status>
</suite>
<statistics>
<total>
<stat pass="1" fail="0">Critical Tests</stat>
<stat pass="1" fail="0">All Tests</stat>
</total>
<tag>
</tag>
<suite>
<stat pass="1" fail="0" id="s1" name="shadowML-main">shadowML-main</stat>
<stat pass="1" fail="0" id="s1-s1" name="Testsuites">shadowML-main.Testsuites</stat>
<stat pass="1" fail="0" id="s1-s1-s1" name="Test1">shadowML-main.Testsuites.Test1</stat>
</suite>
</statistics>
<errors>
</errors>
</robot>
